\BOOKMARK [0][-]{chapter*.3}{\376\377\004\037\004\065\004\100\004\065\004\073\004\126\004\072\000\040\004\103\004\074\004\076\004\062\004\075\004\070\004\105\000\040\004\077\004\076\004\067\004\075\004\060\004\107\004\065\004\075\004\114\000,\000\040\004\101\004\072\004\076\004\100\004\076\004\107\004\065\004\075\004\114\000\040\004\126\000\040\004\102\004\065\004\100\004\074\004\126\004\075\004\126\004\062}{}% 1
\BOOKMARK [0][-]{chapter*.4}{\376\377\004\022\004\101\004\102\004\103\004\077}{}% 2
\BOOKMARK [0][-]{chapter.1}{\376\377\004\020\004\075\004\060\004\073\004\126\004\067\000\040\004\077\004\100\004\065\004\064\004\074\004\065\004\102\004\075\004\076\004\127\000\040\004\076\004\061\004\073\004\060\004\101\004\102\004\126}{}% 3
\BOOKMARK [1][-]{section.1.1}{\376\377\004\027\004\060\004\063\004\060\004\073\004\114\004\075\004\070\004\071\000\040\004\076\004\063\004\073\004\117\004\064\000\040\004\077\004\100\004\076\004\063\004\100\004\060\004\074\000\040\004\064\004\073\004\117\000\040\004\077\004\100\004\076\004\072\004\073\004\060\004\064\004\060\004\075\004\075\004\117\000\040\004\074\004\060\004\100\004\110\004\100\004\103\004\102\004\126\004\062\000\040\004\102\004\100\004\060\004\075\004\101\004\077\004\076\004\100\004\102\004\103}{chapter.1}% 4
\BOOKMARK [2][-]{subsection.1.1.1}{\376\377\000G\000o\000o\000g\000l\000e\000\040\000M\000a\000p\000s}{section.1.1}% 5
\BOOKMARK [2][-]{subsection.1.1.2}{\376\377\000M\000o\000o\000v\000i\000t}{section.1.1}% 6
\BOOKMARK [2][-]{subsection.1.1.3}{\376\377\000C\000i\000t\000y\000m\000a\000p\000p\000e\000r}{section.1.1}% 7
\BOOKMARK [2][-]{subsection.1.1.4}{\376\377\000T\000r\000a\000n\000s\000i\000t}{section.1.1}% 8
\BOOKMARK [2][-]{subsection.1.1.5}{\376\377\004\037\004\076\004\100\004\126\004\062\004\075\004\117\004\075\004\075\004\117\000\040\004\126\004\101\004\075\004\103\004\116\004\107\004\070\004\105\000\040\004\100\004\126\004\110\004\065\004\075\004\114}{section.1.1}% 9
\BOOKMARK [1][-]{section.1.2}{\376\377\004\020\004\075\004\060\004\073\004\126\004\067\000\040\004\077\004\076\004\102\004\100\004\065\004\061\000\040\004\072\004\076\004\100\004\070\004\101\004\102\004\103\004\062\004\060\004\107\004\126\004\062}{chapter.1}% 10
\BOOKMARK [2][-]{subsection.1.2.1}{\376\377\004\037\004\076\004\102\004\100\004\065\004\061\004\070\000\040\004\075\004\065\004\062\004\065\004\073\004\070\004\072\004\070\004\105\000\040\004\102\004\100\004\060\004\075\004\101\004\077\004\076\004\100\004\102\004\075\004\070\004\105\000\040\004\072\004\076\004\074\004\077\004\060\004\075\004\126\004\071}{section.1.2}% 11
\BOOKMARK [2][-]{subsection.1.2.2}{\376\377\004\037\004\076\004\102\004\100\004\065\004\061\004\070\000\040\004\073\004\116\004\064\004\065\004\071\000,\000\040\004\111\004\076\000\040\004\127\004\067\004\064\004\117\004\102\004\114\000\040\004\075\004\060\000\040\004\100\004\076\004\061\004\076\004\102\004\103}{section.1.2}% 12
\BOOKMARK [2][-]{subsection.1.2.3}{\376\377\004\037\004\076\004\102\004\100\004\065\004\061\004\070\000\040\004\102\004\103\004\100\004\070\004\101\004\102\004\126\004\062}{section.1.2}% 13
\BOOKMARK [1][-]{section.1.3}{\376\377\004\036\004\077\004\070\004\101\000\040\004\077\004\100\004\076\004\064\004\103\004\072\004\102\004\103\000,\000\040\004\111\004\076\000\040\004\100\004\076\004\067\004\100\004\076\004\061\004\073\004\117\004\124\004\102\004\114\004\101\004\117}{chapter.1}% 14
\BOOKMARK [2][-]{subsection.1.3.1}{\376\377\004\034\004\076\004\066\004\073\004\070\004\062\004\076\004\101\004\102\004\126\000\040\004\067\004\060\004\101\004\102\004\076\004\101\004\103\004\075\004\072\004\103}{section.1.3}% 15
\BOOKMARK [0][-]{chapter*.5}{\376\377\004\022\004\070\004\101\004\075\004\076\004\062\004\072\004\070\000\040\004\064\004\076\000\040\004\100\004\076\004\067\004\064\004\126\004\073\004\103\000\040\0001}{}% 16
\BOOKMARK [0][-]{chapter.2}{\376\377\004\022\004\070\004\061\004\126\004\100\000\040\004\067\004\060\004\101\004\076\004\061\004\126\004\062\000\040\004\064\004\073\004\117\000\040\004\100\004\065\004\060\004\073\004\126\004\067\004\060\004\106\004\126\004\127}{}% 17
\BOOKMARK [1][-]{section.2.1}{\376\377\004\022\004\070\004\061\004\126\004\100\000\040\004\074\004\076\004\062\004\070\000\040\004\077\004\100\004\076\004\063\004\100\004\060\004\074\004\103\004\062\004\060\004\075\004\075\004\117}{chapter.2}% 18
\BOOKMARK [2][-]{subsection.2.1.1}{\376\377\000P\000y\000t\000h\000o\000n}{section.2.1}% 19
\BOOKMARK [2][-]{subsection.2.1.2}{\376\377\000J\000a\000v\000a\000S\000c\000r\000i\000p\000t}{section.2.1}% 20
\BOOKMARK [2][-]{subsection.2.1.3}{\376\377\000J\000a\000v\000a}{section.2.1}% 21
\BOOKMARK [2][-]{subsection.2.1.4}{\376\377\000G\000o}{section.2.1}% 22
\BOOKMARK [2][-]{subsection.2.1.5}{\376\377\004\036\004\101\004\102\004\060\004\102\004\076\004\107\004\075\004\070\004\071\000\040\004\062\004\070\004\061\004\126\004\062\000\040\004\074\004\076\004\062\004\070\000\040\004\077\004\100\004\076\004\063\004\100\004\060\004\074\004\103\004\062\004\060\004\075\004\075\004\117}{section.2.1}% 23
\BOOKMARK [1][-]{section.2.2}{\376\377\004\022\004\070\004\061\004\126\004\100\000\040\004\104\004\100\004\065\004\071\004\074\004\062\004\076\004\100\004\072\004\126\004\062}{chapter.2}% 24
\BOOKMARK [2][-]{subsection.2.2.1}{\376\377\000D\000j\000a\000n\000g\000o}{section.2.2}% 25
\BOOKMARK [2][-]{subsection.2.2.2}{\376\377\000F\000l\000a\000s\000k}{section.2.2}% 26
\BOOKMARK [2][-]{subsection.2.2.3}{\376\377\004\036\004\101\004\102\004\060\004\102\004\076\004\107\004\075\004\070\004\071\000\040\004\062\004\070\004\061\004\126\004\062\000\040\004\104\004\100\004\065\004\071\004\074\004\062\004\076\004\100\004\072\004\103}{section.2.2}% 27
\BOOKMARK [0][-]{chapter*.7}{\376\377\004\022\004\070\004\101\004\075\004\076\004\062\004\072\004\070\000\040\004\064\004\076\000\040\004\100\004\076\004\067\004\064\004\126\004\073\004\103\000\040\0002}{}% 28
\BOOKMARK [0][-]{chapter.3}{\376\377\004\040\004\076\004\067\004\100\004\076\004\061\004\072\004\060\000\040\004\067\004\060\004\101\004\102\004\076\004\101\004\103\004\075\004\072\004\103}{}% 29
\BOOKMARK [1][-]{section.3.1}{\376\377\004\027\004\060\004\063\004\060\004\073\004\114\004\075\004\070\004\071\000\040\004\076\004\077\004\070\004\101\000\040\004\100\004\076\004\061\004\076\004\102\004\070\000\040\004\101\004\070\004\101\004\102\004\065\004\074\004\070\000,\000\040\004\127\004\127\000\040\004\074\004\076\004\066\004\073\004\070\004\062\004\076\004\101\004\102\004\126}{chapter.3}% 30
\BOOKMARK [2][-]{subsection.3.1.1}{\376\377\004\036\004\101\004\075\004\076\004\062\004\075\004\070\004\071\000\040\004\104\004\103\004\075\004\072\004\106\004\126\004\076\004\075\004\060\004\073\000\040\004\101\004\070\004\101\004\102\004\065\004\074\004\070}{section.3.1}% 31
\BOOKMARK [2][-]{subsection.3.1.2}{\376\377\004\036\004\102\004\100\004\070\004\074\004\060\004\075\004\075\004\117\000,\000\040\004\076\004\061\004\100\004\076\004\061\004\072\004\060\000\040\004\102\004\060\000\040\004\062\004\126\004\064\004\076\004\061\004\100\004\060\004\066\004\065\004\075\004\075\004\117\000\040\004\064\004\060\004\075\004\070\004\105\000\040\004\077\004\100\004\076\000\040\004\102\004\100\004\060\004\075\004\101\004\077\004\076\004\100\004\102}{section.3.1}% 32
\BOOKMARK [2][-]{subsection.3.1.3}{\376\377\004\037\004\076\004\110\004\103\004\072\000\040\004\074\004\060\004\100\004\110\004\100\004\103\004\102\004\103}{section.3.1}% 33
\BOOKMARK [2][-]{subsection.3.1.4}{\376\377\004\022\004\126\004\064\004\076\004\061\004\100\004\060\004\066\004\065\004\075\004\075\004\117\000\040\004\067\004\075\004\060\004\071\004\064\004\065\004\075\004\076\004\063\004\076\000\040\004\074\004\060\004\100\004\110\004\100\004\103\004\102\004\103}{section.3.1}% 34
\BOOKMARK [1][-]{section.3.2}{\376\377\004\024\004\070\004\067\004\060\004\071\004\075\000\040\004\072\004\076\004\100\004\070\004\101\004\102\004\103\004\062\004\060\004\106\004\114\004\072\004\076\004\063\004\076\000\040\004\126\004\075\004\102\004\065\004\100\004\104\004\065\004\071\004\101\004\103}{chapter.3}% 35
\BOOKMARK [2][-]{subsection.3.2.1}{\376\377\004\037\004\100\004\076\004\065\004\072\004\102\004\103\004\062\004\060\004\075\004\075\004\117\000\040\004\060\004\064\004\060\004\077\004\102\004\070\004\062\004\075\004\076\004\063\004\076\000\040\004\126\004\075\004\102\004\065\004\100\004\104\004\065\004\071\004\101\004\103}{section.3.2}% 36
\BOOKMARK [0][-]{chapter*.8}{\376\377\004\022\004\070\004\101\004\075\004\076\004\062\004\072\004\070\000\040\004\064\004\076\000\040\004\100\004\076\004\067\004\064\004\126\004\073\004\103\000\040\0003}{}% 37
\BOOKMARK [0][-]{chapter.4}{\376\377\004\020\004\075\004\060\004\073\004\126\004\067\000\040\004\100\004\065\004\067\004\103\004\073\004\114\004\102\004\060\004\102\004\126\004\062\000\040\004\102\004\060\000\040\004\126\004\075\004\101\004\102\004\100\004\103\004\072\004\106\004\126\004\117\000\040\004\072\004\076\004\100\004\070\004\101\004\102\004\103\004\062\004\060\004\107\004\060}{}% 38
\BOOKMARK [1][-]{section.4.1}{\376\377\004\022\004\070\004\072\004\076\004\100\004\070\004\101\004\102\004\060\004\075\004\075\004\117\000\040\004\100\004\076\004\067\004\100\004\076\004\061\004\073\004\065\004\063\004\076\004\075\004\076\000\040\004\067\004\060\004\101\004\102\004\076\004\101\004\103\004\075\004\072\004\103}{chapter.4}% 39
\BOOKMARK [2][-]{subsection.4.1.1}{\376\377\004\036\004\063\004\073\004\117\004\064\000\040\004\072\004\076\004\100\004\070\004\101\004\102\004\103\004\062\004\060\004\106\004\114\004\072\004\076\004\063\004\076\000\040\004\126\004\075\004\102\004\065\004\100\004\104\004\065\004\071\004\101\004\103}{section.4.1}% 40
\BOOKMARK [2][-]{subsection.4.1.2}{\376\377\004\036\004\063\004\073\004\117\004\064\000\040\004\104\004\103\004\075\004\072\004\106\004\126\004\127\000\040\004\077\004\076\004\110\004\103\004\072\004\103\000\040\004\074\004\060\004\100\004\110\004\100\004\103\004\102\004\126\004\062}{section.4.1}% 41
\BOOKMARK [2][-]{subsection.4.1.3}{\376\377\004\032\004\076\004\075\004\102\004\100\004\076\004\073\004\114\000\040\004\064\004\076\004\101\004\102\004\103\004\077\004\103\000\040\004\064\004\076\000\040\004\103\004\077\004\100\004\060\004\062\004\073\004\126\004\075\004\075\004\117\000\040\004\064\004\060\004\075\004\070\004\074\004\070\000\040\004\077\004\100\004\076\000\040\004\102\004\100\004\060\004\075\004\101\004\077\004\076\004\100\004\102}{section.4.1}% 42
\BOOKMARK [2][-]{subsection.4.1.4}{\376\377\004\036\004\063\004\073\004\117\004\064\000\040\004\074\004\076\004\066\004\073\004\070\004\062\004\076\004\101\004\102\004\065\004\071\000\040\004\103\004\077\004\100\004\060\004\062\004\073\004\113\004\075\004\075\004\117\000\040\004\102\004\100\004\060\004\075\004\101\004\077\004\076\004\100\004\102\004\075\004\070\004\074\004\070\000\040\004\064\004\060\004\075\004\070\004\074\004\070}{section.4.1}% 43
\BOOKMARK [0][-]{chapter*.9}{\376\377\004\022\004\070\004\101\004\075\004\076\004\062\004\072\004\070\000\040\004\064\004\076\000\040\004\100\004\076\004\067\004\064\004\126\004\073\004\103\000\040\0004}{}% 44
\BOOKMARK [0][-]{chapter*.10}{\376\377\004\022\004\070\004\101\004\075\004\076\004\062\004\072\004\070}{}% 45
\BOOKMARK [0][-]{chapter*.11}{\376\377\004\037\004\065\004\100\004\065\004\073\004\126\004\072\000\040\004\077\004\076\004\101\004\070\004\073\004\060\004\075\004\114}{}% 46
